<?xml version="1.0" encoding="UTF-8"?>
<!-- Generated by org.testng.reporters.JUnitReportReporter -->
<testsuite hostname="Dini" failures="0" tests="1" name="groupsinTestNG.Group1" time="0.014" errors="0" timestamp="2024-12-12T12:00:18 IST" skipped="0">
  <testcase classname="groupsinTestNG.Group1" name="test1" time="0.014"/>
  <system-out/>
</testsuite> <!-- groupsinTestNG.Group1 -->
