<?xml version="1.0" encoding="UTF-8"?>
<!-- Generated by org.testng.reporters.JUnitReportReporter -->
<testsuite hostname="Dini" failures="0" tests="3" name="dataProvider.FB_Dataprovider_Runner" time="36.547" errors="0" timestamp="2024-12-13T11:57:34 IST" skipped="0">
  <testcase classname="dataProvider.FB_Dataprovider_Runner" name="loginTest" time="13.125"/>
  <system-out/>
  <testcase classname="dataProvider.FB_Dataprovider_Runner" name="loginTest" time="11.693"/>
  <system-out/>
  <testcase classname="dataProvider.FB_Dataprovider_Runner" name="loginTest" time="11.729"/>
  <system-out/>
</testsuite> <!-- dataProvider.FB_Dataprovider_Runner -->
