<?xml version="1.0" encoding="UTF-8"?>
<!-- Generated by org.testng.reporters.JUnitReportReporter -->
<testsuite hostname="Dini" failures="0" tests="1" name="qsp.Reports1" time="0.551" errors="0" timestamp="2024-12-10T12:04:38 IST" skipped="0">
  <testcase classname="qsp.Reports1" name="test1" time="0.551"/>
  <system-out/>
</testsuite> <!-- qsp.Reports1 -->
