<?xml version="1.0" encoding="UTF-8"?>
<!-- Generated by org.testng.reporters.JUnitReportReporter -->
<testsuite hostname="Dini" failures="0" tests="3" name="dataProvider.Dataprovider_example" time="9.210" errors="0" timestamp="2024-12-12T12:49:15 IST" skipped="0">
  <testcase classname="dataProvider.Dataprovider_example" name="launch" time="2.858"/>
  <system-out/>
  <testcase classname="dataProvider.Dataprovider_example" name="launch" time="2.809"/>
  <system-out/>
  <testcase classname="dataProvider.Dataprovider_example" name="launch" time="3.543"/>
  <system-out/>
</testsuite> <!-- dataProvider.Dataprovider_example -->
