<?xml version="1.0" encoding="UTF-8"?>
<!-- Generated by org.testng.reporters.JUnitReportReporter -->
<testsuite hostname="Dini" failures="0" tests="1" name="annotations.Runner" time="5.127" errors="0" timestamp="2024-11-29T12:37:35 IST" skipped="0">
  <testcase classname="annotations.Runner" name="runScripts" time="5.127"/>
  <system-out/>
</testsuite> <!-- annotations.Runner -->
