<?xml version="1.0" encoding="UTF-8"?>
<!-- Generated by org.testng.reporters.JUnitReportReporter -->
<testsuite hostname="Dini" failures="0" tests="1" name="qsp.Reports2" time="0.119" errors="0" timestamp="2024-12-10T12:49:53 IST" skipped="0">
  <testcase classname="qsp.Reports2" name="folder" time="0.119"/>
  <system-out/>
</testsuite> <!-- qsp.Reports2 -->
