<?xml version="1.0" encoding="UTF-8"?>
<!-- Generated by org.testng.reporters.JUnitReportReporter -->
<testsuite hostname="Dini" failures="0" tests="1" name="qsp.Demo1" time="0.018" errors="0" timestamp="2024-11-27T11:57:39 IST" skipped="0">
  <testcase classname="qsp.Demo1" name="test1" time="0.018"/>
  <system-out>
    <![CDATA[hello]]>
  </system-out>
</testsuite> <!-- qsp.Demo1 -->
