<?xml version="1.0" encoding="UTF-8"?>
<!-- Generated by org.testng.reporters.JUnitReportReporter -->
<testsuite hostname="Dini" failures="0" tests="3" name="qsp.Demo2" time="0.018" errors="0" timestamp="2024-11-27T12:31:00 IST" skipped="0">
  <testcase classname="qsp.Demo2" name="test1" time="0.014"/>
  <system-out>
    <![CDATA[Virat]]>
  </system-out>
  <testcase classname="qsp.Demo2" name="test2" time="0.002"/>
  <system-out>
    <![CDATA[Rcb]]>
  </system-out>
  <testcase classname="qsp.Demo2" name="test3" time="0.002"/>
  <system-out>
    <![CDATA[escn]]>
  </system-out>
</testsuite> <!-- qsp.Demo2 -->
