<?xml version="1.0" encoding="UTF-8"?>
<!-- Generated by org.testng.reporters.JUnitReportReporter -->
<testsuite hostname="Dini" failures="0" tests="1" name="annotations.Runner1" time="6.190" errors="0" timestamp="2024-11-29T12:37:35 IST" skipped="0">
  <testcase classname="annotations.Runner1" name="Flipkart" time="6.190"/>
  <system-out/>
</testsuite> <!-- annotations.Runner1 -->
