<?xml version="1.0" encoding="UTF-8"?>
<!-- Generated by org.testng.reporters.JUnitReportReporter -->
<testsuite hostname="Dini" failures="0" tests="1" name="qsp1.Hiden_division" time="6.201" errors="0" timestamp="2024-11-27T11:57:39 IST" skipped="0">
  <testcase classname="qsp1.Hiden_division" name="Test2" time="6.201"/>
  <system-out/>
</testsuite> <!-- qsp1.Hiden_division -->
