<?xml version="1.0" encoding="UTF-8"?>
<!-- Generated by org.testng.reporters.JUnitReportReporter -->
<testsuite hostname="Dini" failures="0" tests="1" name="groupsinTestNG.GroupsExample" time="0.013" errors="0" timestamp="2024-12-12T11:41:31 IST" skipped="0">
  <testcase classname="groupsinTestNG.GroupsExample" name="test1" time="0.013"/>
  <system-out/>
</testsuite> <!-- groupsinTestNG.GroupsExample -->
